<?xml version="1.0" encoding="UTF-8"?>
<testsuite xmlns:xsi="http://www.w3.org/2001/XMLSchema-instance" xsi:noNamespaceSchemaLocation="https://maven.apache.org/surefire/maven-surefire-plugin/xsd/surefire-test-report.xsd" name="com.csvHandler.CSVHandlerTest" time="0.018" tests="3" errors="0" skipped="0" failures="1">
  <properties>
    <property name="java.specification.version" value="23"/>
    <property name="sun.cpu.isalist" value="amd64"/>
    <property name="sun.jnu.encoding" value="Cp1252"/>
    <property name="java.class.path" value="C:\AB_cli\Address-Book-CLI\target\test-classes;C:\AB_cli\Address-Book-CLI\target\classes;C:\Users\Mnn\.m2\repository\junit\junit\4.11\junit-4.11.jar;C:\Users\Mnn\.m2\repository\org\hamcrest\hamcrest-core\1.3\hamcrest-core-1.3.jar;C:\Users\Mnn\.m2\repository\com\github\javafaker\javafaker\1.0.2\javafaker-1.0.2.jar;C:\Users\Mnn\.m2\repository\org\apache\commons\commons-lang3\3.5\commons-lang3-3.5.jar;C:\Users\Mnn\.m2\repository\org\yaml\snakeyaml\1.23\snakeyaml-1.23-android.jar;C:\Users\Mnn\.m2\repository\com\github\mifmif\generex\1.0.2\generex-1.0.2.jar;C:\Users\Mnn\.m2\repository\dk\brics\automaton\automaton\1.11-8\automaton-1.11-8.jar;C:\Users\Mnn\.m2\repository\com\opencsv\opencsv\5.7.1\opencsv-5.7.1.jar;C:\Users\Mnn\.m2\repository\org\apache\commons\commons-text\1.10.0\commons-text-1.10.0.jar;C:\Users\Mnn\.m2\repository\commons-beanutils\commons-beanutils\1.9.4\commons-beanutils-1.9.4.jar;C:\Users\Mnn\.m2\repository\commons-logging\commons-logging\1.2\commons-logging-1.2.jar;C:\Users\Mnn\.m2\repository\commons-collections\commons-collections\3.2.2\commons-collections-3.2.2.jar;C:\Users\Mnn\.m2\repository\org\apache\commons\commons-collections4\4.4\commons-collections4-4.4.jar;C:\Users\Mnn\.m2\repository\com\bloock\sdk\bloock-sdk\1.3.2\bloock-sdk-1.3.2.jar;C:\Users\Mnn\.m2\repository\io\reactivex\rxjava3\rxjava\3.0.9\rxjava-3.0.9.jar;C:\Users\Mnn\.m2\repository\org\reactivestreams\reactive-streams\1.0.3\reactive-streams-1.0.3.jar;C:\Users\Mnn\.m2\repository\org\jetbrains\kotlin\kotlin-stdlib-jdk8\1.4.30\kotlin-stdlib-jdk8-1.4.30.jar;C:\Users\Mnn\.m2\repository\org\jetbrains\kotlin\kotlin-stdlib\1.4.30\kotlin-stdlib-1.4.30.jar;C:\Users\Mnn\.m2\repository\org\jetbrains\annotations\13.0\annotations-13.0.jar;C:\Users\Mnn\.m2\repository\org\jetbrains\kotlin\kotlin-stdlib-jdk7\1.4.30\kotlin-stdlib-jdk7-1.4.30.jar;C:\Users\Mnn\.m2\repository\commons-codec\commons-codec\1.14\commons-codec-1.14.jar;C:\Users\Mnn\.m2\repository\org\jetbrains\kotlinx\kotlinx-coroutines-rx3\1.4.2\kotlinx-coroutines-rx3-1.4.2.jar;C:\Users\Mnn\.m2\repository\org\jetbrains\kotlinx\kotlinx-coroutines-core\1.4.2\kotlinx-coroutines-core-1.4.2.jar;C:\Users\Mnn\.m2\repository\org\jetbrains\kotlinx\kotlinx-coroutines-reactive\1.4.2\kotlinx-coroutines-reactive-1.4.2.jar;C:\Users\Mnn\.m2\repository\io\ktor\ktor-client-core-jvm\1.5.0\ktor-client-core-jvm-1.5.0.jar;C:\Users\Mnn\.m2\repository\org\slf4j\slf4j-api\1.7.30\slf4j-api-1.7.30.jar;C:\Users\Mnn\.m2\repository\org\jetbrains\kotlin\kotlin-stdlib-common\1.4.20\kotlin-stdlib-common-1.4.20.jar;C:\Users\Mnn\.m2\repository\org\jetbrains\kotlinx\kotlinx-coroutines-core-jvm\1.4.2-native-mt\kotlinx-coroutines-core-jvm-1.4.2-native-mt.jar;C:\Users\Mnn\.m2\repository\io\ktor\ktor-http-jvm\1.5.0\ktor-http-jvm-1.5.0.jar;C:\Users\Mnn\.m2\repository\io\ktor\ktor-utils-jvm\1.5.0\ktor-utils-jvm-1.5.0.jar;C:\Users\Mnn\.m2\repository\io\ktor\ktor-io-jvm\1.5.0\ktor-io-jvm-1.5.0.jar;C:\Users\Mnn\.m2\repository\io\ktor\ktor-http-cio-jvm\1.5.0\ktor-http-cio-jvm-1.5.0.jar;C:\Users\Mnn\.m2\repository\io\ktor\ktor-network-jvm\1.5.0\ktor-network-jvm-1.5.0.jar;C:\Users\Mnn\.m2\repository\io\ktor\ktor-client-cio-jvm\1.5.0\ktor-client-cio-jvm-1.5.0.jar;C:\Users\Mnn\.m2\repository\io\ktor\ktor-network-tls-jvm\1.5.0\ktor-network-tls-jvm-1.5.0.jar;C:\Users\Mnn\.m2\repository\io\ktor\ktor-client-gson\1.5.0\ktor-client-gson-1.5.0.jar;C:\Users\Mnn\.m2\repository\io\ktor\ktor-client-json-jvm\1.5.0\ktor-client-json-jvm-1.5.0.jar;C:\Users\Mnn\.m2\repository\com\google\code\gson\gson\2.8.6\gson-2.8.6.jar;C:\Users\Mnn\.m2\repository\io\ktor\ktor-client-logging-jvm\1.5.0\ktor-client-logging-jvm-1.5.0.jar;C:\Users\Mnn\.m2\repository\org\web3j\core\4.7.0\core-4.7.0.jar;C:\Users\Mnn\.m2\repository\org\web3j\abi\4.7.0\abi-4.7.0.jar;C:\Users\Mnn\.m2\repository\org\web3j\utils\4.7.0\utils-4.7.0.jar;C:\Users\Mnn\.m2\repository\org\bouncycastle\bcprov-jdk15on\1.65\bcprov-jdk15on-1.65.jar;C:\Users\Mnn\.m2\repository\org\web3j\crypto\4.7.0\crypto-4.7.0.jar;C:\Users\Mnn\.m2\repository\org\web3j\rlp\4.7.0\rlp-4.7.0.jar;C:\Users\Mnn\.m2\repository\org\web3j\tuples\4.7.0\tuples-4.7.0.jar;C:\Users\Mnn\.m2\repository\com\github\jnr\jnr-unixsocket\0.21\jnr-unixsocket-0.21.jar;C:\Users\Mnn\.m2\repository\com\github\jnr\jnr-ffi\2.1.9\jnr-ffi-2.1.9.jar;C:\Users\Mnn\.m2\repository\com\github\jnr\jffi\1.2.17\jffi-1.2.17.jar;C:\Users\Mnn\.m2\repository\com\github\jnr\jffi\1.2.16\jffi-1.2.16-native.jar;C:\Users\Mnn\.m2\repository\org\ow2\asm\asm\5.0.3\asm-5.0.3.jar;C:\Users\Mnn\.m2\repository\org\ow2\asm\asm-commons\5.0.3\asm-commons-5.0.3.jar;C:\Users\Mnn\.m2\repository\org\ow2\asm\asm-analysis\5.0.3\asm-analysis-5.0.3.jar;C:\Users\Mnn\.m2\repository\org\ow2\asm\asm-tree\5.0.3\asm-tree-5.0.3.jar;C:\Users\Mnn\.m2\repository\org\ow2\asm\asm-util\5.0.3\asm-util-5.0.3.jar;C:\Users\Mnn\.m2\repository\com\github\jnr\jnr-a64asm\1.0.0\jnr-a64asm-1.0.0.jar;C:\Users\Mnn\.m2\repository\com\github\jnr\jnr-x86asm\1.0.2\jnr-x86asm-1.0.2.jar;C:\Users\Mnn\.m2\repository\com\github\jnr\jnr-constants\0.9.11\jnr-constants-0.9.11.jar;C:\Users\Mnn\.m2\repository\com\github\jnr\jnr-enxio\0.19\jnr-enxio-0.19.jar;C:\Users\Mnn\.m2\repository\com\github\jnr\jnr-posix\3.0.47\jnr-posix-3.0.47.jar;C:\Users\Mnn\.m2\repository\com\squareup\okhttp3\okhttp\4.3.1\okhttp-4.3.1.jar;C:\Users\Mnn\.m2\repository\com\squareup\okio\okio\2.4.1\okio-2.4.1.jar;C:\Users\Mnn\.m2\repository\com\squareup\okhttp3\logging-interceptor\4.3.1\logging-interceptor-4.3.1.jar;C:\Users\Mnn\.m2\repository\io\reactivex\rxjava2\rxjava\2.2.2\rxjava-2.2.2.jar;C:\Users\Mnn\.m2\repository\org\java-websocket\Java-WebSocket\1.3.8\Java-WebSocket-1.3.8.jar;C:\Users\Mnn\.m2\repository\com\fasterxml\jackson\core\jackson-databind\2.8.11.6\jackson-databind-2.8.11.6.jar;C:\Users\Mnn\.m2\repository\com\fasterxml\jackson\core\jackson-annotations\2.8.0\jackson-annotations-2.8.0.jar;C:\Users\Mnn\.m2\repository\com\fasterxml\jackson\core\jackson-core\2.8.10\jackson-core-2.8.10.jar;"/>
    <property name="java.vm.vendor" value="Oracle Corporation"/>
    <property name="sun.arch.data.model" value="64"/>
    <property name="user.variant" value=""/>
    <property name="java.vendor.url" value="https://java.oracle.com/"/>
    <property name="user.timezone" value="Asia/Calcutta"/>
    <property name="os.name" value="Windows 10"/>
    <property name="java.vm.specification.version" value="23"/>
    <property name="sun.java.launcher" value="SUN_STANDARD"/>
    <property name="user.country" value="IN"/>
    <property name="sun.boot.library.path" value="C:\Program Files\Java\jdk-23\bin"/>
    <property name="sun.java.command" value="C:\Users\Mnn\AppData\Local\Temp\surefire8096345267964293572\surefirebooter17168929124663656770.jar C:\Users\Mnn\AppData\Local\Temp\surefire8096345267964293572 2025-04-06T17-39-20_236-jvmRun1 surefire7593371685063984168tmp surefire_018048115585469335603tmp"/>
    <property name="jdk.debug" value="release"/>
    <property name="surefire.test.class.path" value="C:\AB_cli\Address-Book-CLI\target\test-classes;C:\AB_cli\Address-Book-CLI\target\classes;C:\Users\Mnn\.m2\repository\junit\junit\4.11\junit-4.11.jar;C:\Users\Mnn\.m2\repository\org\hamcrest\hamcrest-core\1.3\hamcrest-core-1.3.jar;C:\Users\Mnn\.m2\repository\com\github\javafaker\javafaker\1.0.2\javafaker-1.0.2.jar;C:\Users\Mnn\.m2\repository\org\apache\commons\commons-lang3\3.5\commons-lang3-3.5.jar;C:\Users\Mnn\.m2\repository\org\yaml\snakeyaml\1.23\snakeyaml-1.23-android.jar;C:\Users\Mnn\.m2\repository\com\github\mifmif\generex\1.0.2\generex-1.0.2.jar;C:\Users\Mnn\.m2\repository\dk\brics\automaton\automaton\1.11-8\automaton-1.11-8.jar;C:\Users\Mnn\.m2\repository\com\opencsv\opencsv\5.7.1\opencsv-5.7.1.jar;C:\Users\Mnn\.m2\repository\org\apache\commons\commons-text\1.10.0\commons-text-1.10.0.jar;C:\Users\Mnn\.m2\repository\commons-beanutils\commons-beanutils\1.9.4\commons-beanutils-1.9.4.jar;C:\Users\Mnn\.m2\repository\commons-logging\commons-logging\1.2\commons-logging-1.2.jar;C:\Users\Mnn\.m2\repository\commons-collections\commons-collections\3.2.2\commons-collections-3.2.2.jar;C:\Users\Mnn\.m2\repository\org\apache\commons\commons-collections4\4.4\commons-collections4-4.4.jar;C:\Users\Mnn\.m2\repository\com\bloock\sdk\bloock-sdk\1.3.2\bloock-sdk-1.3.2.jar;C:\Users\Mnn\.m2\repository\io\reactivex\rxjava3\rxjava\3.0.9\rxjava-3.0.9.jar;C:\Users\Mnn\.m2\repository\org\reactivestreams\reactive-streams\1.0.3\reactive-streams-1.0.3.jar;C:\Users\Mnn\.m2\repository\org\jetbrains\kotlin\kotlin-stdlib-jdk8\1.4.30\kotlin-stdlib-jdk8-1.4.30.jar;C:\Users\Mnn\.m2\repository\org\jetbrains\kotlin\kotlin-stdlib\1.4.30\kotlin-stdlib-1.4.30.jar;C:\Users\Mnn\.m2\repository\org\jetbrains\annotations\13.0\annotations-13.0.jar;C:\Users\Mnn\.m2\repository\org\jetbrains\kotlin\kotlin-stdlib-jdk7\1.4.30\kotlin-stdlib-jdk7-1.4.30.jar;C:\Users\Mnn\.m2\repository\commons-codec\commons-codec\1.14\commons-codec-1.14.jar;C:\Users\Mnn\.m2\repository\org\jetbrains\kotlinx\kotlinx-coroutines-rx3\1.4.2\kotlinx-coroutines-rx3-1.4.2.jar;C:\Users\Mnn\.m2\repository\org\jetbrains\kotlinx\kotlinx-coroutines-core\1.4.2\kotlinx-coroutines-core-1.4.2.jar;C:\Users\Mnn\.m2\repository\org\jetbrains\kotlinx\kotlinx-coroutines-reactive\1.4.2\kotlinx-coroutines-reactive-1.4.2.jar;C:\Users\Mnn\.m2\repository\io\ktor\ktor-client-core-jvm\1.5.0\ktor-client-core-jvm-1.5.0.jar;C:\Users\Mnn\.m2\repository\org\slf4j\slf4j-api\1.7.30\slf4j-api-1.7.30.jar;C:\Users\Mnn\.m2\repository\org\jetbrains\kotlin\kotlin-stdlib-common\1.4.20\kotlin-stdlib-common-1.4.20.jar;C:\Users\Mnn\.m2\repository\org\jetbrains\kotlinx\kotlinx-coroutines-core-jvm\1.4.2-native-mt\kotlinx-coroutines-core-jvm-1.4.2-native-mt.jar;C:\Users\Mnn\.m2\repository\io\ktor\ktor-http-jvm\1.5.0\ktor-http-jvm-1.5.0.jar;C:\Users\Mnn\.m2\repository\io\ktor\ktor-utils-jvm\1.5.0\ktor-utils-jvm-1.5.0.jar;C:\Users\Mnn\.m2\repository\io\ktor\ktor-io-jvm\1.5.0\ktor-io-jvm-1.5.0.jar;C:\Users\Mnn\.m2\repository\io\ktor\ktor-http-cio-jvm\1.5.0\ktor-http-cio-jvm-1.5.0.jar;C:\Users\Mnn\.m2\repository\io\ktor\ktor-network-jvm\1.5.0\ktor-network-jvm-1.5.0.jar;C:\Users\Mnn\.m2\repository\io\ktor\ktor-client-cio-jvm\1.5.0\ktor-client-cio-jvm-1.5.0.jar;C:\Users\Mnn\.m2\repository\io\ktor\ktor-network-tls-jvm\1.5.0\ktor-network-tls-jvm-1.5.0.jar;C:\Users\Mnn\.m2\repository\io\ktor\ktor-client-gson\1.5.0\ktor-client-gson-1.5.0.jar;C:\Users\Mnn\.m2\repository\io\ktor\ktor-client-json-jvm\1.5.0\ktor-client-json-jvm-1.5.0.jar;C:\Users\Mnn\.m2\repository\com\google\code\gson\gson\2.8.6\gson-2.8.6.jar;C:\Users\Mnn\.m2\repository\io\ktor\ktor-client-logging-jvm\1.5.0\ktor-client-logging-jvm-1.5.0.jar;C:\Users\Mnn\.m2\repository\org\web3j\core\4.7.0\core-4.7.0.jar;C:\Users\Mnn\.m2\repository\org\web3j\abi\4.7.0\abi-4.7.0.jar;C:\Users\Mnn\.m2\repository\org\web3j\utils\4.7.0\utils-4.7.0.jar;C:\Users\Mnn\.m2\repository\org\bouncycastle\bcprov-jdk15on\1.65\bcprov-jdk15on-1.65.jar;C:\Users\Mnn\.m2\repository\org\web3j\crypto\4.7.0\crypto-4.7.0.jar;C:\Users\Mnn\.m2\repository\org\web3j\rlp\4.7.0\rlp-4.7.0.jar;C:\Users\Mnn\.m2\repository\org\web3j\tuples\4.7.0\tuples-4.7.0.jar;C:\Users\Mnn\.m2\repository\com\github\jnr\jnr-unixsocket\0.21\jnr-unixsocket-0.21.jar;C:\Users\Mnn\.m2\repository\com\github\jnr\jnr-ffi\2.1.9\jnr-ffi-2.1.9.jar;C:\Users\Mnn\.m2\repository\com\github\jnr\jffi\1.2.17\jffi-1.2.17.jar;C:\Users\Mnn\.m2\repository\com\github\jnr\jffi\1.2.16\jffi-1.2.16-native.jar;C:\Users\Mnn\.m2\repository\org\ow2\asm\asm\5.0.3\asm-5.0.3.jar;C:\Users\Mnn\.m2\repository\org\ow2\asm\asm-commons\5.0.3\asm-commons-5.0.3.jar;C:\Users\Mnn\.m2\repository\org\ow2\asm\asm-analysis\5.0.3\asm-analysis-5.0.3.jar;C:\Users\Mnn\.m2\repository\org\ow2\asm\asm-tree\5.0.3\asm-tree-5.0.3.jar;C:\Users\Mnn\.m2\repository\org\ow2\asm\asm-util\5.0.3\asm-util-5.0.3.jar;C:\Users\Mnn\.m2\repository\com\github\jnr\jnr-a64asm\1.0.0\jnr-a64asm-1.0.0.jar;C:\Users\Mnn\.m2\repository\com\github\jnr\jnr-x86asm\1.0.2\jnr-x86asm-1.0.2.jar;C:\Users\Mnn\.m2\repository\com\github\jnr\jnr-constants\0.9.11\jnr-constants-0.9.11.jar;C:\Users\Mnn\.m2\repository\com\github\jnr\jnr-enxio\0.19\jnr-enxio-0.19.jar;C:\Users\Mnn\.m2\repository\com\github\jnr\jnr-posix\3.0.47\jnr-posix-3.0.47.jar;C:\Users\Mnn\.m2\repository\com\squareup\okhttp3\okhttp\4.3.1\okhttp-4.3.1.jar;C:\Users\Mnn\.m2\repository\com\squareup\okio\okio\2.4.1\okio-2.4.1.jar;C:\Users\Mnn\.m2\repository\com\squareup\okhttp3\logging-interceptor\4.3.1\logging-interceptor-4.3.1.jar;C:\Users\Mnn\.m2\repository\io\reactivex\rxjava2\rxjava\2.2.2\rxjava-2.2.2.jar;C:\Users\Mnn\.m2\repository\org\java-websocket\Java-WebSocket\1.3.8\Java-WebSocket-1.3.8.jar;C:\Users\Mnn\.m2\repository\com\fasterxml\jackson\core\jackson-databind\2.8.11.6\jackson-databind-2.8.11.6.jar;C:\Users\Mnn\.m2\repository\com\fasterxml\jackson\core\jackson-annotations\2.8.0\jackson-annotations-2.8.0.jar;C:\Users\Mnn\.m2\repository\com\fasterxml\jackson\core\jackson-core\2.8.10\jackson-core-2.8.10.jar;"/>
    <property name="sun.cpu.endian" value="little"/>
    <property name="user.home" value="C:\Users\Mnn"/>
    <property name="user.language" value="en"/>
    <property name="java.specification.vendor" value="Oracle Corporation"/>
    <property name="java.version.date" value="2025-01-21"/>
    <property name="java.home" value="C:\Program Files\Java\jdk-23"/>
    <property name="file.separator" value="\"/>
    <property name="basedir" value="C:\AB_cli\Address-Book-CLI"/>
    <property name="java.vm.compressedOopsMode" value="Zero based"/>
    <property name="line.separator" value="&#10;"/>
    <property name="java.vm.specification.vendor" value="Oracle Corporation"/>
    <property name="java.specification.name" value="Java Platform API Specification"/>
    <property name="surefire.real.class.path" value="C:\Users\Mnn\AppData\Local\Temp\surefire8096345267964293572\surefirebooter17168929124663656770.jar"/>
    <property name="user.script" value=""/>
    <property name="sun.management.compiler" value="HotSpot 64-Bit Tiered Compilers"/>
    <property name="java.runtime.version" value="23.0.2+7-58"/>
    <property name="user.name" value="Mnn"/>
    <property name="stdout.encoding" value="Cp1252"/>
    <property name="path.separator" value=";"/>
    <property name="os.version" value="10.0"/>
    <property name="java.runtime.name" value="Java(TM) SE Runtime Environment"/>
    <property name="file.encoding" value="UTF-8"/>
    <property name="java.vm.name" value="Java HotSpot(TM) 64-Bit Server VM"/>
    <property name="localRepository" value="C:\Users\Mnn\.m2\repository"/>
    <property name="java.vendor.url.bug" value="https://bugreport.java.com/bugreport/"/>
    <property name="java.io.tmpdir" value="C:\Users\Mnn\AppData\Local\Temp\"/>
    <property name="java.version" value="23.0.2"/>
    <property name="user.dir" value="C:\AB_cli\Address-Book-CLI"/>
    <property name="os.arch" value="amd64"/>
    <property name="java.vm.specification.name" value="Java Virtual Machine Specification"/>
    <property name="sun.os.patch.level" value=""/>
    <property name="native.encoding" value="Cp1252"/>
    <property name="java.library.path" value="C:\Program Files\Java\jdk-23\bin;C:\Windows\Sun\Java\bin;C:\Windows\system32;C:\Windows;C:\ProgramData\Oracle\Java\javapath;C:\Windows\system32;C:\Windows;C:\Windows\System32\Wbem;C:\Windows\System32\WindowsPowerShell\v1.0\;C:\Windows\System32\OpenSSH\;C:\Program Files\nodejs\;C:\Program Files\nodejs;C:\Users\Mnn\AppData\Roaming\npm;C:\Program Files\Java\jdk-23\bin;C:\Program Files\apache-maven-3.9.9\bin;C:\Program Files\Git\cmd;C:\Program Files\MySQL\MySQL Shell 8.0\bin\;C:\Users\Mnn\AppData\Local\Microsoft\WindowsApps;C:\Program Files\Java\jdk-20\bin;C:\Users\Mnn\AppData\Roaming\npm;C:\Users\Mnn\AppData\Local\Programs\Microsoft VS Code\bin;."/>
    <property name="java.vm.info" value="mixed mode, sharing"/>
    <property name="stderr.encoding" value="Cp1252"/>
    <property name="java.vendor" value="Oracle Corporation"/>
    <property name="java.vm.version" value="23.0.2+7-58"/>
    <property name="sun.io.unicode.encoding" value="UnicodeLittle"/>
    <property name="java.class.version" value="67.0"/>
  </properties>
  <testcase name="testReadMissingCSV" classname="com.csvHandler.CSVHandlerTest" time="0"/>
  <testcase name="testReadEmptyCSV" classname="com.csvHandler.CSVHandlerTest" time="0.014"/>
  <testcase name="testReadExistingCSV" classname="com.csvHandler.CSVHandlerTest" time="0.004">
    <failure message="File should exist at the specified path" type="java.lang.AssertionError">java.lang.AssertionError: File should exist at the specified path
	at com.csvHandler.CSVHandlerTest.testReadExistingCSV(CSVHandlerTest.java:31)
</failure>
    <system-out><![CDATA[
Reading Existing CSV:
]]></system-out>
  </testcase>
</testsuite>